<?xml version="1.0" encoding="UTF-8"?>
<!-- Generated by org.testng.reporters.JUnitXMLReporter -->
<testsuite ignored="0" hostname="LAPTOP-2HGBSJMG" failures="0" tests="5" name="Flipkart Testcases" time="164.502" errors="0" timestamp="2021-09-03T22:04:04 IST">
  <testcase classname="com.flipkart.qa.testcases.FKLandingPageTest" name="validateLoginLinkClickTest" time="1.432"/>
  <testcase classname="com.flipkart.qa.testcases.FKLandingPageTest" name="validateLandingPagetitleTest" time="0.018"/>
  <testcase classname="com.flipkart.qa.testcases.FKLandingPageTest" name="validateLoginLinkPresentTest" time="0.123"/>
  <testcase classname="com.flipkart.qa.testcases.FKLandingPageTest" name="validateMobileLinkPresentTest" time="0.233"/>
  <testcase classname="com.flipkart.qa.testcases.FKLandingPageTest" name="validateCareersLinkPresentTest" time="0.435"/>
</testsuite> <!-- Flipkart Testcases -->
